<?xml version="1.0" encoding="UTF-8"?>
<!-- Generated by org.testng.reporters.JUnitReportReporter -->
<testsuite hostname="DESKTOP-JPCF5TS" failures="0" tests="9" name="com.automation.testcase.TC01_RegisterFunction" time="14.234" errors="0" timestamp="2023-08-02T16:35:56 ICT" skipped="0">
  <testcase classname="com.automation.testcase.TC01_RegisterFunction" name="TC05_RegisterWithInvalidRePassword" time="0.766"/>
  <testcase classname="com.automation.testcase.TC01_RegisterFunction" name="TC02_RegisterWithExistUsername" time="3.179"/>
  <testcase classname="com.automation.testcase.TC01_RegisterFunction" name="TC04_RegisterWithInvalidPassword" time="0.814"/>
  <testcase classname="com.automation.testcase.TC01_RegisterFunction" name="TC03_RegisterWithInvalidUsername" time="0.765"/>
  <testcase classname="com.automation.testcase.TC01_RegisterFunction" name="TC01_RegisterWithValidAccount" time="4.536"/>
  <testcase classname="com.automation.testcase.TC01_RegisterFunction" name="TC03_RegisterWithInvalidUsername" time="1.202"/>
  <testcase classname="com.automation.testcase.TC01_RegisterFunction" name="TC04_RegisterWithInvalidPassword" time="0.957"/>
  <testcase classname="com.automation.testcase.TC01_RegisterFunction" name="TC03_RegisterWithInvalidUsername" time="0.701"/>
  <testcase classname="com.automation.testcase.TC01_RegisterFunction" name="TC03_RegisterWithInvalidUsername" time="1.314"/>
</testsuite> <!-- com.automation.testcase.TC01_RegisterFunction -->
