<?xml version="1.0" encoding="UTF-8"?>
<!-- Generated by org.testng.reporters.JUnitReportReporter -->
<testsuite hostname="DESKTOP-JPCF5TS" failures="0" tests="4" name="com.automation.testcase.TC02_LoginFunction" time="13.175" errors="0" timestamp="2023-08-11T17:12:41 ICT" skipped="0">
  <testcase classname="com.automation.testcase.TC02_LoginFunction" name="TC02_LoginWithInvalidAccount" time="1.902"/>
  <system-out/>
  <testcase classname="com.automation.testcase.TC02_LoginFunction" name="TC02_LoginWithInvalidAccount" time="2.164"/>
  <system-out/>
  <testcase classname="com.automation.testcase.TC02_LoginFunction" name="TC01_LoginWithValidAccount" time="6.969"/>
  <system-out/>
  <testcase classname="com.automation.testcase.TC02_LoginFunction" name="TC02_LoginWithInvalidAccount" time="2.140"/>
  <system-out/>
</testsuite> <!-- com.automation.testcase.TC02_LoginFunction -->
