<?xml version="1.0" encoding="UTF-8"?>
<!-- Generated by org.testng.reporters.JUnitReportReporter -->
<testsuite hostname="DESKTOP-JPCF5TS" failures="0" tests="1" name="com.automation.testcase.TC01_LoginWithValidAccount" time="3.022" errors="0" timestamp="2023-07-29T17:14:21 ICT" skipped="0">
  <testcase classname="com.automation.testcase.TC01_LoginWithValidAccount" name="TC_RegisterWithValidAccount" time="3.022"/>
</testsuite> <!-- com.automation.testcase.TC01_LoginWithValidAccount -->
