<?xml version="1.0" encoding="UTF-8"?>
<!-- Generated by org.testng.reporters.JUnitReportReporter -->
<testsuite hostname="DESKTOP-JPCF5TS" failures="0" tests="4" name="com.automation.testcase.TC02_LoginFunction" time="10.467" errors="0" timestamp="2023-08-02T16:35:56 ICT" skipped="0">
  <testcase classname="com.automation.testcase.TC02_LoginFunction" name="TC02_LoginWithInvalidAccount" time="1.462"/>
  <testcase classname="com.automation.testcase.TC02_LoginFunction" name="TC02_LoginWithInvalidAccount" time="2.085"/>
  <testcase classname="com.automation.testcase.TC02_LoginFunction" name="TC02_LoginWithInvalidAccount" time="1.548"/>
  <testcase classname="com.automation.testcase.TC02_LoginFunction" name="TC01_LoginWithValidAccount" time="5.372"/>
</testsuite> <!-- com.automation.testcase.TC02_LoginFunction -->
