<?xml version="1.0" encoding="UTF-8"?>
<!-- Generated by org.testng.reporters.JUnitReportReporter -->
<testsuite hostname="DESKTOP-JPCF5TS" failures="0" tests="9" name="com.automation.testcase.TC01_RegisterFunction" time="11.101" errors="0" timestamp="2023-08-01T19:20:31 ICT" skipped="0">
  <testcase classname="com.automation.testcase.TC01_RegisterFunction" name="TC04_RegisterWithInvalidPassword" time="0.997"/>
  <testcase classname="com.automation.testcase.TC01_RegisterFunction" name="TC02_RegisterWithExistUsername" time="1.974"/>
  <testcase classname="com.automation.testcase.TC01_RegisterFunction" name="TC01_RegisterWithValidAccount" time="2.796"/>
  <testcase classname="com.automation.testcase.TC01_RegisterFunction" name="TC04_RegisterWithInvalidPassword" time="0.896"/>
  <testcase classname="com.automation.testcase.TC01_RegisterFunction" name="TC03_RegisterWithInvalidUsername" time="0.758"/>
  <testcase classname="com.automation.testcase.TC01_RegisterFunction" name="TC03_RegisterWithInvalidUsername" time="0.933"/>
  <testcase classname="com.automation.testcase.TC01_RegisterFunction" name="TC05_RegisterWithInvalidRePassword" time="0.942"/>
  <testcase classname="com.automation.testcase.TC01_RegisterFunction" name="TC03_RegisterWithInvalidUsername" time="0.828"/>
  <testcase classname="com.automation.testcase.TC01_RegisterFunction" name="TC03_RegisterWithInvalidUsername" time="0.977"/>
</testsuite> <!-- com.automation.testcase.TC01_RegisterFunction -->
