<?xml version="1.0" encoding="UTF-8"?>
<!-- Generated by org.testng.reporters.JUnitReportReporter -->
<testsuite hostname="DESKTOP-JPCF5TS" failures="0" tests="4" name="com.automation.testcase.TC02_LoginFunction" time="11.163" errors="0" timestamp="2023-08-01T19:20:31 ICT" skipped="0">
  <testcase classname="com.automation.testcase.TC02_LoginFunction" name="TC02_LoginWithInvalidAccount" time="2.078"/>
  <testcase classname="com.automation.testcase.TC02_LoginFunction" name="TC02_LoginWithInvalidAccount" time="1.420"/>
  <testcase classname="com.automation.testcase.TC02_LoginFunction" name="TC02_LoginWithInvalidAccount" time="1.565"/>
  <testcase classname="com.automation.testcase.TC02_LoginFunction" name="TC01_LoginWithValidAccount" time="6.100"/>
</testsuite> <!-- com.automation.testcase.TC02_LoginFunction -->
